\BOOKMARK [1][-]{section.1}{Assignment Assumptions and Testing}{}% 1
\BOOKMARK [2][-]{subsection.1.1}{Assignment Assumptions}{section.1}% 2
\BOOKMARK [2][-]{subsection.1.2}{Testing}{section.1}% 3
\BOOKMARK [1][-]{section.2}{Random Search}{}% 4
\BOOKMARK [2][-]{subsection.2.1}{Basic Idea}{section.2}% 5
\BOOKMARK [2][-]{subsection.2.2}{Code Examples}{section.2}% 6
\BOOKMARK [2][-]{subsection.2.3}{Testing}{section.2}% 7
\BOOKMARK [2][-]{subsection.2.4}{2 Yards Vision}{section.2}% 8
\BOOKMARK [2][-]{subsection.2.5}{Hard and Impossible to Solve Maps}{section.2}% 9
\BOOKMARK [2][-]{subsection.2.6}{Known bugs and issues to solve}{section.2}% 10
\BOOKMARK [2][-]{subsection.2.7}{Conclusion}{section.2}% 11
\BOOKMARK [1][-]{section.3}{Backtracking}{}% 12
\BOOKMARK [2][-]{subsection.3.1}{Basic Idea}{section.3}% 13
\BOOKMARK [2][-]{subsection.3.2}{Code Examples}{section.3}% 14
\BOOKMARK [2][-]{subsection.3.3}{Testing}{section.3}% 15
\BOOKMARK [2][-]{subsection.3.4}{2 Yards Vision}{section.3}% 16
\BOOKMARK [2][-]{subsection.3.5}{Hard and Impossible to solve maps}{section.3}% 17
\BOOKMARK [2][-]{subsection.3.6}{Conclusion}{section.3}% 18
\BOOKMARK [1][-]{section.4}{Greedy Algorithm}{}% 19
\BOOKMARK [2][-]{subsection.4.1}{Basic Idea}{section.4}% 20
\BOOKMARK [2][-]{subsection.4.2}{Code Examples}{section.4}% 21
\BOOKMARK [2][-]{subsection.4.3}{Testing}{section.4}% 22
\BOOKMARK [2][-]{subsection.4.4}{2 Yards Vision}{section.4}% 23
\BOOKMARK [2][-]{subsection.4.5}{Hard or impossible to solve maps}{section.4}% 24
\BOOKMARK [2][-]{subsection.4.6}{Conclusion}{section.4}% 25
\BOOKMARK [1][-]{section.5}{Simple Statistical Analysis of the Search Algorithms}{}% 26
\BOOKMARK [2][-]{subsection.5.1}{Corner Cases}{section.5}% 27
\BOOKMARK [2][-]{subsection.5.2}{Dense and Sparse Maps}{section.5}% 28
\BOOKMARK [2][-]{subsection.5.3}{Conclusion}{section.5}% 29
\BOOKMARK [1][-]{appendix.A}{How to Run All the Algorithms}{}% 30
